<?xml version="1.0" encoding="UTF-8"?>
<testsuite xmlns:xsi="http://www.w3.org/2001/XMLSchema-instance" xsi:noNamespaceSchemaLocation="https://maven.apache.org/surefire/maven-surefire-plugin/xsd/surefire-test-report-3.0.xsd" version="3.0" name="edu.iit.sat.itmd4515.csule1.ChildJPATest" time="24.273" tests="6" errors="0" skipped="0" failures="0">
  <properties>
[...]
</properties>
  <testcase name="biDirectionalManytoManyChildCareGiverTest" classname="edu.iit.sat.itmd4515.csule1.ChildJPATest" time="1.088">
    <system-out><![CDATA[[EL Info]: 2025-04-27 02:57:58.351--ServerSession(1647402786)--EclipseLink, version: Eclipse Persistence Services - 4.0.5.v202412231137-a96b873527f305f932543045c8679bb1de8d3a43
Navigating Many to many from the owning side: [Child{id=2, Name=Steve, birthDate=2017-10-14, gender=MALE, mealPreference=STANDARD, medicalRecord=null}]
Navigating Many to many from the inverse side: [CareGiver{id=1, name=Lucas, experienceYears=6, children=[Child{id=2, Name=Steve, birthDate=2017-10-14, gender=MALE, mealPreference=STANDARD, medicalRecord=null}]}]
]]></system-out>
    <system-err><![CDATA[Apr 27, 2025 2:57:58 AM org.hibernate.validator.internal.util.Version <clinit>
INFO: HV000001: Hibernate Validator 8.0.2.Final
]]></system-err>
  </testcase>
  <testcase name="readTest" classname="edu.iit.sat.itmd4515.csule1.ChildJPATest" time="0.195">
    <system-out><![CDATA[Created Child: Child{id=4, Name=Emma, birthDate=2020-08-10, gender=FEMALE, mealPreference=VEGETARIAN, medicalRecord=null}
Child found in DB: Child{id=4, Name=Emma, birthDate=2020-08-10, gender=FEMALE, mealPreference=VEGETARIAN, medicalRecord=null}
Cleanup: Child removed from database.
]]></system-out>
  </testcase>
  <testcase name="updateTest" classname="edu.iit.sat.itmd4515.csule1.ChildJPATest" time="0.309">
    <system-out><![CDATA[***** Before update: ****** Child{id=6, Name=Brian, birthDate=2021-12-16, gender=MALE, mealPreference=LACTOSE_FREE, medicalRecord=null}
***** After update: ****** Child{id=6, Name=Brian Updated, birthDate=2021-12-16, gender=MALE, mealPreference=VEGAN, medicalRecord=null}
]]></system-out>
  </testcase>
  <testcase name="uniDirectOnetoOneChildMedRecordTest" classname="edu.iit.sat.itmd4515.csule1.ChildJPATest" time="0.252"/>
  <testcase name="createTest" classname="edu.iit.sat.itmd4515.csule1.ChildJPATest" time="0.295"/>
  <testcase name="deleteTest" classname="edu.iit.sat.itmd4515.csule1.ChildJPATest" time="0.213">
    <system-out><![CDATA[Created Child for Deletion: Child{id=12, Name=Dakota, birthDate=2019-03-25, gender=FEMALE, mealPreference=VEGAN, medicalRecord=null}
Found Child Before Deletion: Child{id=12, Name=Dakota, birthDate=2019-03-25, gender=FEMALE, mealPreference=VEGAN, medicalRecord=null}
Child Deleted: 12
]]></system-out>
  </testcase>
</testsuite>