<?xml version="1.0" encoding="UTF-8"?>
<testsuite xmlns:xsi="http://www.w3.org/2001/XMLSchema-instance" xsi:noNamespaceSchemaLocation="https://maven.apache.org/surefire/maven-surefire-plugin/xsd/surefire-test-report-3.0.xsd" version="3.0" name="edu.iit.sat.itmd4515.csule1.ChildValidationTest" time="0.096" tests="5" errors="0" skipped="0" failures="0">
  <properties>
[...]
</properties>
  <testcase name="blankNameShouldNotValidate" classname="edu.iit.sat.itmd4515.csule1.ChildValidationTest" time="0.063">
    <system-out><![CDATA[Validating child with blank name: Child{id=null, Name=, birthDate=2022-05-21, gender=FEMALE, mealPreference=GLUTEN_FREE, medicalRecord=null}
Validation violations: 1
Violation message: Name Required
]]></system-out>
  </testcase>
  <testcase name="childShouldValidateAndPass" classname="edu.iit.sat.itmd4515.csule1.ChildValidationTest" time="0.003">
    <system-out><![CDATA[Validating child: Child{id=null, Name=Aline Test Rayan, birthDate=2022-05-21, gender=FEMALE, mealPreference=GLUTEN_FREE, medicalRecord=null}
Validation violations: 0
]]></system-out>
  </testcase>
  <testcase name="nullBirthDateShouldNotValidate" classname="edu.iit.sat.itmd4515.csule1.ChildValidationTest" time="0.003">
    <system-out><![CDATA[Validating child with null birthDate: Child{id=null, Name=Sarah, birthDate=null, gender=FEMALE, mealPreference=GLUTEN_FREE, medicalRecord=null}
Validation violations: 1
Violation message: BirthDate Required
]]></system-out>
  </testcase>
  <testcase name="invalidGenderShouldNotValidate" classname="edu.iit.sat.itmd4515.csule1.ChildValidationTest" time="0.003">
    <system-out><![CDATA[Validating child with null gender: Child{id=null, Name=Seerang, birthDate=2023-05-21, gender=null, mealPreference=GLUTEN_FREE, medicalRecord=null}
Validation violations: 1
Violation message: Gender Required
]]></system-out>
  </testcase>
  <testcase name="nullMealPreferenceShouldNotValidate" classname="edu.iit.sat.itmd4515.csule1.ChildValidationTest" time="0.003">
    <system-out><![CDATA[Validating child with null meal preference: Child{id=null, Name=Test Name, birthDate=2022-05-21, gender=FEMALE, mealPreference=null, medicalRecord=null}
Validation violations: 1
Violation message: MealPreference Required
]]></system-out>
  </testcase>
</testsuite>